┌ Warning: CUDA runtime library `libcublasLt.so.12` was loaded from a system path, `/usr/local/cuda-12.3/lib64/libcublasLt.so.12`.
│ 
│ This may cause errors. Ensure that you have not set the LD_LIBRARY_PATH
│ environment variable, or that it does not contain paths to CUDA libraries.
│ 
│ In any other case, please file an issue.
└ @ CUDA ~/.julia/packages/CUDA/75aiI/src/initialization.jl:219
┌ Warning: CUDA runtime library `libnvJitLink.so.12` was loaded from a system path, `/usr/local/cuda-12.3/lib64/libnvJitLink.so.12`.
│ 
│ This may cause errors. Ensure that you have not set the LD_LIBRARY_PATH
│ environment variable, or that it does not contain paths to CUDA libraries.
│ 
│ In any other case, please file an issue.
└ @ CUDA ~/.julia/packages/CUDA/75aiI/src/initialization.jl:219
┌ Warning: CUDA runtime library `libcusparse.so.12` was loaded from a system path, `/usr/local/cuda-12.3/lib64/libcusparse.so.12`.
│ 
│ This may cause errors. Ensure that you have not set the LD_LIBRARY_PATH
│ environment variable, or that it does not contain paths to CUDA libraries.
│ 
│ In any other case, please file an issue.
└ @ CUDA ~/.julia/packages/CUDA/75aiI/src/initialization.jl:219
[+] Trial 1: Pair{Symbol, Any}[:activation => "gelu", :b_size => 2, :gamma => 0.8085662220959051, :hidden_dim => 24, :learning_rate => 0.008107819243233661, :min_lr => 0.0018567217702377835, :step_rate => 30] evaluated 51791.43927001953 at instance 1
[+] Trial 2: Pair{Symbol, Any}[:activation => "swish", :b_size => 14, :gamma => 0.5131940996235128, :hidden_dim => 52, :learning_rate => 0.008730792516831025, :min_lr => 0.005152045486307895, :step_rate => 19] evaluated 51791.44006347656 at instance 1
[+] Trial 3: Pair{Symbol, Any}[:activation => "swish", :b_size => 1, :gamma => 0.6369970933871757, :hidden_dim => 60, :learning_rate => 0.0046579803455225385, :min_lr => 0.0034890926000128403, :step_rate => 29] evaluated 51791.43908691406 at instance 1
[+] Trial 4: Pair{Symbol, Any}[:activation => "selu", :b_size => 7, :gamma => 0.7858255575822457, :hidden_dim => 93, :learning_rate => 0.002607262570778448, :min_lr => 0.0028223845222747398, :step_rate => 28] evaluated 211530.32470703125 at instance 1
[+] Trial 5: Pair{Symbol, Any}[:activation => "selu", :b_size => 30, :gamma => 0.5834215870452796, :hidden_dim => 78, :learning_rate => 0.007310489710610296, :min_lr => 0.004614013414432452, :step_rate => 25] evaluated 211530.326171875 at instance 1
[+] Trial 6: Pair{Symbol, Any}[:activation => "relu", :b_size => 29, :gamma => 0.8906128540960065, :hidden_dim => 11, :learning_rate => 0.0028523523494299223, :min_lr => 0.006172869203888238, :step_rate => 17] evaluated 51791.439453125 at instance 1
[+] Trial 7: Pair{Symbol, Any}[:activation => "selu", :b_size => 13, :gamma => 0.7290118652699613, :hidden_dim => 4, :learning_rate => 0.0058257381117661705, :min_lr => 0.007332370775870576, :step_rate => 29] evaluated 1870.7559661865234 at instance 1
[+] Trial 8: Pair{Symbol, Any}[:activation => "relu", :b_size => 28, :gamma => 0.8075478896441264, :hidden_dim => 52, :learning_rate => 0.0028644379350861206, :min_lr => 0.0041135933874744375, :step_rate => 19] evaluated 51791.43994140625 at instance 1
[+] Trial 9: Pair{Symbol, Any}[:activation => "relu", :b_size => 29, :gamma => 0.7935812147365522, :hidden_dim => 30, :learning_rate => 0.008248921030815483, :min_lr => 0.005171545533232916, :step_rate => 30] evaluated 51791.439453125 at instance 1
[+] Trial 10: Pair{Symbol, Any}[:activation => "gelu", :b_size => 11, :gamma => 0.5494269194920398, :hidden_dim => 31, :learning_rate => 0.001342145729060948, :min_lr => 0.0022559109290145804, :step_rate => 19] evaluated 51791.43981933594 at instance 1
[+] Trial 11: Pair{Symbol, Any}[:activation => "gelu", :b_size => 5, :gamma => 0.7167078517004746, :hidden_dim => 67, :learning_rate => 0.004695971839755196, :min_lr => 0.00034660951358306193, :step_rate => 38] evaluated 51791.4384765625 at instance 1
[+] Trial 12: Pair{Symbol, Any}[:activation => "gelu", :b_size => 1, :gamma => 0.6011648326778889, :hidden_dim => 47, :learning_rate => 0.005237050004313402, :min_lr => 0.0016231788361528113, :step_rate => 24] evaluated 51791.43908691406 at instance 1
[+] Trial 13: Pair{Symbol, Any}[:activation => "swish", :b_size => 20, :gamma => 0.8972477827244238, :hidden_dim => 61, :learning_rate => 0.00014260324857457145, :min_lr => 0.001968241325986541, :step_rate => 18] evaluated 51791.4384765625 at instance 1
[+] Trial 14: Pair{Symbol, Any}[:activation => "swish", :b_size => 21, :gamma => 0.5728271204005841, :hidden_dim => 51, :learning_rate => 0.009149163999639798, :min_lr => 0.009730070288298708, :step_rate => 13] evaluated 51791.43994140625 at instance 1
[+] Trial 15: Pair{Symbol, Any}[:activation => "swish", :b_size => 17, :gamma => 0.6537805541925044, :hidden_dim => 2, :learning_rate => 0.0007541540516725415, :min_lr => 0.005545448259344147, :step_rate => 21] evaluated 13697.737182617188 at instance 1
[+] Trial 16: Pair{Symbol, Any}[:activation => "leakyrelu", :b_size => 4, :gamma => 0.6077068960943887, :hidden_dim => 43, :learning_rate => 0.008900765896821105, :min_lr => 5.603632231056467e-5, :step_rate => 18] evaluated 47138.61962890625 at instance 1
[+] Trial 17: Pair{Symbol, Any}[:activation => "selu", :b_size => 17, :gamma => 0.8176283323108873, :hidden_dim => 34, :learning_rate => 0.008613315832270374, :min_lr => 0.009986255515931406, :step_rate => 24] evaluated 211530.3203125 at instance 1
[+] Trial 18: Pair{Symbol, Any}[:activation => "swish", :b_size => 25, :gamma => 0.5115427641855952, :hidden_dim => 97, :learning_rate => 0.008797259111676003, :min_lr => 0.00041501031462083584, :step_rate => 19] evaluated 51791.44140625 at instance 1
[+] Trial 19: Pair{Symbol, Any}[:activation => "gelu", :b_size => 13, :gamma => 0.5077920050345947, :hidden_dim => 53, :learning_rate => 0.008925507822677913, :min_lr => 0.0016321009011768374, :step_rate => 34] evaluated 51791.43994140625 at instance 1
[+] Trial 20: Pair{Symbol, Any}[:activation => "swish", :b_size => 1, :gamma => 0.7625683300669548, :hidden_dim => 54, :learning_rate => 0.008452030728523761, :min_lr => 0.008457820242433805, :step_rate => 37] evaluated 51791.43908691406 at instance 1
[+] Trial 21: Pair{Symbol, Any}[:activation => "selu", :b_size => 20, :gamma => 0.8545773211021457, :hidden_dim => 94, :learning_rate => 0.009173539003048145, :min_lr => 0.0013277993227164713, :step_rate => 34] evaluated 211530.32421875 at instance 1
[+] Trial 22: Pair{Symbol, Any}[:activation => "leakyrelu", :b_size => 24, :gamma => 0.6559983560945438, :hidden_dim => 29, :learning_rate => 0.003788873981720295, :min_lr => 0.0017321482425155356, :step_rate => 14] evaluated 1805.711051940918 at instance 1
[+] Trial 23: Pair{Symbol, Any}[:activation => "selu", :b_size => 19, :gamma => 0.5794033635942746, :hidden_dim => 99, :learning_rate => 0.00013573217616246, :min_lr => 0.006976919701037366, :step_rate => 36] evaluated 211530.326171875 at instance 1
[+] Trial 24: Pair{Symbol, Any}[:activation => "selu", :b_size => 9, :gamma => 0.736479272306086, :hidden_dim => 32, :learning_rate => 0.006266021375915279, :min_lr => 0.0022054750327869495, :step_rate => 10] evaluated 211530.32275390625 at instance 1
[+] Trial 25: Pair{Symbol, Any}[:activation => "swish", :b_size => 1, :gamma => 0.5770225587333236, :hidden_dim => 17, :learning_rate => 0.004793404275906674, :min_lr => 0.009027692112481608, :step_rate => 37] evaluated 51791.43908691406 at instance 1
[+] Trial 26: Pair{Symbol, Any}[:activation => "gelu", :b_size => 2, :gamma => 0.6360113191811124, :hidden_dim => 4, :learning_rate => 0.005185099663731121, :min_lr => 0.00044913027536083863, :step_rate => 40] evaluated 18821.85858154297 at instance 1
[+] Trial 27: Pair{Symbol, Any}[:activation => "leakyrelu", :b_size => 8, :gamma => 0.5505014861131182, :hidden_dim => 90, :learning_rate => 0.007086866156798938, :min_lr => 0.005836625534791304, :step_rate => 22] evaluated 26185.684692382812 at instance 1
[+] Trial 28: Pair{Symbol, Any}[:activation => "leakyrelu", :b_size => 16, :gamma => 0.590030371570766, :hidden_dim => 17, :learning_rate => 0.009030589850745912, :min_lr => 0.007322025726425895, :step_rate => 32] evaluated 5.0533411875e6 at instance 1
[+] Trial 29: Pair{Symbol, Any}[:activation => "relu", :b_size => 4, :gamma => 0.8016594758042306, :hidden_dim => 67, :learning_rate => 0.0025797509633830084, :min_lr => 0.008498896665043611, :step_rate => 27] evaluated 51791.439208984375 at instance 1
[+] Trial 30: Pair{Symbol, Any}[:activation => "selu", :b_size => 4, :gamma => 0.8210489434371746, :hidden_dim => 44, :learning_rate => 0.002179376434566648, :min_lr => 0.00873198626080004, :step_rate => 34] evaluated 211530.32666015625 at instance 1
[+] Trial 31: Pair{Symbol, Any}[:activation => "leakyrelu", :b_size => 8, :gamma => 0.6390028137303964, :hidden_dim => 14, :learning_rate => 0.0006744154459339934, :min_lr => 0.002844865666064708, :step_rate => 30] evaluated 1488.1800231933594 at instance 1
[+] Trial 32: Pair{Symbol, Any}[:activation => "gelu", :b_size => 15, :gamma => 0.6095769166153, :hidden_dim => 60, :learning_rate => 0.005265439653526034, :min_lr => 0.0023080709994857595, :step_rate => 17] evaluated 51791.4404296875 at instance 1
[+] Trial 33: Pair{Symbol, Any}[:activation => "gelu", :b_size => 1, :gamma => 0.7631197787776112, :hidden_dim => 71, :learning_rate => 0.0036832271831145347, :min_lr => 0.009121838947472035, :step_rate => 17] evaluated 51791.43908691406 at instance 1
[+] Trial 34: Pair{Symbol, Any}[:activation => "selu", :b_size => 11, :gamma => 0.5134295009864331, :hidden_dim => 84, :learning_rate => 0.002926721144652312, :min_lr => 0.00015137919200419825, :step_rate => 21] evaluated 211530.32861328125 at instance 1
[+] Trial 35: Pair{Symbol, Any}[:activation => "gelu", :b_size => 13, :gamma => 0.5924065266451196, :hidden_dim => 26, :learning_rate => 0.005032289328336457, :min_lr => 0.0084830310796375, :step_rate => 34] evaluated 51791.43994140625 at instance 1
[+] Trial 36: Pair{Symbol, Any}[:activation => "relu", :b_size => 14, :gamma => 0.7980862190761098, :hidden_dim => 42, :learning_rate => 0.0018940500167874178, :min_lr => 0.0022788887960415775, :step_rate => 40] evaluated 51791.44006347656 at instance 1
[+] Trial 37: Pair{Symbol, Any}[:activation => "leakyrelu", :b_size => 22, :gamma => 0.6688142587695991, :hidden_dim => 84, :learning_rate => 0.0023474581192304855, :min_lr => 0.006517901126789317, :step_rate => 27] evaluated 6.9478462783488e13 at instance 1
[+] Trial 38: Pair{Symbol, Any}[:activation => "relu", :b_size => 13, :gamma => 0.8910038191857206, :hidden_dim => 60, :learning_rate => 0.0004264155335299732, :min_lr => 0.0045029787202537225, :step_rate => 17] evaluated 51791.43994140625 at instance 1
[+] Trial 39: Pair{Symbol, Any}[:activation => "swish", :b_size => 11, :gamma => 0.808306464186145, :hidden_dim => 58, :learning_rate => 0.009109898548948865, :min_lr => 0.0030190329608755957, :step_rate => 27] evaluated 51791.43981933594 at instance 1
[+] Trial 40: Pair{Symbol, Any}[:activation => "selu", :b_size => 28, :gamma => 0.7915137799048215, :hidden_dim => 52, :learning_rate => 0.004241158570823892, :min_lr => 0.008303743565781339, :step_rate => 16] evaluated 211530.32421875 at instance 1
[+] Trial 41: Pair{Symbol, Any}[:activation => "relu", :b_size => 5, :gamma => 0.7468945767316311, :hidden_dim => 67, :learning_rate => 0.0085541095348936, :min_lr => 0.004527249751171684, :step_rate => 32] evaluated 51791.4384765625 at instance 1
[+] Trial 42: Pair{Symbol, Any}[:activation => "relu", :b_size => 24, :gamma => 0.6817883768103958, :hidden_dim => 28, :learning_rate => 0.0005399918221276397, :min_lr => 0.007230741934448693, :step_rate => 14] evaluated 51791.438720703125 at instance 1
[+] Trial 43: Pair{Symbol, Any}[:activation => "selu", :b_size => 16, :gamma => 0.8577520121839072, :hidden_dim => 62, :learning_rate => 0.004679033786785658, :min_lr => 0.0030489026750940115, :step_rate => 17] evaluated 211530.3203125 at instance 1
[+] Trial 44: Pair{Symbol, Any}[:activation => "swish", :b_size => 13, :gamma => 0.730381886302161, :hidden_dim => 82, :learning_rate => 0.009722967527777503, :min_lr => 0.008276701429959593, :step_rate => 11] evaluated 51791.43994140625 at instance 1
[+] Trial 45: Pair{Symbol, Any}[:activation => "gelu", :b_size => 26, :gamma => 0.8425799994248093, :hidden_dim => 60, :learning_rate => 0.003492947295130317, :min_lr => 0.0007416251661802253, :step_rate => 28] evaluated 45106.0947265625 at instance 1
[+] Trial 46: Pair{Symbol, Any}[:activation => "swish", :b_size => 4, :gamma => 0.6424887045281873, :hidden_dim => 59, :learning_rate => 0.003447430174843187, :min_lr => 0.007466107957567269, :step_rate => 29] evaluated 51791.439208984375 at instance 1
[+] Trial 47: Pair{Symbol, Any}[:activation => "gelu", :b_size => 17, :gamma => 0.5763464757107479, :hidden_dim => 42, :learning_rate => 0.0019998018485010453, :min_lr => 0.0017402516248526086, :step_rate => 11] evaluated 45043.962890625 at instance 1
[+] Trial 48: Pair{Symbol, Any}[:activation => "gelu", :b_size => 9, :gamma => 0.5369952182507399, :hidden_dim => 24, :learning_rate => 0.008824787736132265, :min_lr => 0.005250014996463731, :step_rate => 32] evaluated 51791.43981933594 at instance 1
[-] Trial 49: Pair{Symbol, Any}[:activation => "leakyrelu", :b_size => 13, :gamma => 0.714993456656186, :hidden_dim => 14, :learning_rate => 0.004204240552357899, :min_lr => 0.007288951823992743, :step_rate => 11] pruned in step 79 at instance 1
[+] Trial 50: Pair{Symbol, Any}[:activation => "leakyrelu", :b_size => 17, :gamma => 0.5427784484333253, :hidden_dim => 60, :learning_rate => 0.0004235576966449095, :min_lr => 1.0e-6, :step_rate => 18] evaluated 1557.31494140625 at instance 1
[+] Trial 51: Pair{Symbol, Any}[:activation => "leakyrelu", :b_size => 24, :gamma => 0.7600055199625172, :hidden_dim => 42, :learning_rate => 0.007517015041236897, :min_lr => 1.0e-6, :step_rate => 21] evaluated 4772.117980957031 at instance 1
[+] Trial 52: Pair{Symbol, Any}[:activation => "leakyrelu", :b_size => 13, :gamma => 0.6747842911983606, :hidden_dim => 2, :learning_rate => 0.0001, :min_lr => 0.0015639476301735652, :step_rate => 40] evaluated 3441.918258666992 at instance 1
[+] Trial 53: Pair{Symbol, Any}[:activation => "gelu", :b_size => 8, :gamma => 0.8267026123159328, :hidden_dim => 29, :learning_rate => 0.00961171409951392, :min_lr => 1.0e-6, :step_rate => 30] evaluated 51791.43896484375 at instance 1
[-] Trial 54: Pair{Symbol, Any}[:activation => "gelu", :b_size => 13, :gamma => 0.6856564311699416, :hidden_dim => 14, :learning_rate => 0.005691808509980956, :min_lr => 0.01, :step_rate => 40] pruned in step 48 at instance 1
[-] Trial 55: Pair{Symbol, Any}[:activation => "selu", :b_size => 8, :gamma => 0.5, :hidden_dim => 43, :learning_rate => 0.004553594945237083, :min_lr => 0.00040618857698244797, :step_rate => 11] pruned in step 10 at instance 1
[+] Trial 56: Pair{Symbol, Any}[:activation => "leakyrelu", :b_size => 2, :gamma => 0.7015583583085402, :hidden_dim => 4, :learning_rate => 0.0049424151967934335, :min_lr => 0.0015104733430824446, :step_rate => 40] evaluated 1590.8234691619873 at instance 1
[+] Trial 57: Pair{Symbol, Any}[:activation => "gelu", :b_size => 17, :gamma => 0.6082145565993877, :hidden_dim => 42, :learning_rate => 0.00019738134847487428, :min_lr => 1.0e-6, :step_rate => 22] evaluated 19691.772705078125 at instance 1
[+] Trial 58: Pair{Symbol, Any}[:activation => "leakyrelu", :b_size => 24, :gamma => 0.5454462606696606, :hidden_dim => 4, :learning_rate => 0.002523103790980939, :min_lr => 0.003985749371591607, :step_rate => 14] evaluated 2151.5564880371094 at instance 1
[+] Trial 59: Pair{Symbol, Any}[:activation => "leakyrelu", :b_size => 24, :gamma => 0.7250541541942137, :hidden_dim => 14, :learning_rate => 0.0034238612629781595, :min_lr => 0.005832949070627666, :step_rate => 29] evaluated 1728.2003631591797 at instance 1
[+] Trial 60: Pair{Symbol, Any}[:activation => "gelu", :b_size => 8, :gamma => 0.6286448183396781, :hidden_dim => 4, :learning_rate => 0.003624481316213268, :min_lr => 0.0005365355174423766, :step_rate => 30] evaluated 18846.127868652344 at instance 1
[-] Trial 61: Pair{Symbol, Any}[:activation => "selu", :b_size => 24, :gamma => 0.5174050003132564, :hidden_dim => 14, :learning_rate => 0.0064497817252264795, :min_lr => 0.0046439106183570516, :step_rate => 40] pruned in step 10 at instance 1
[-] Trial 62: Pair{Symbol, Any}[:activation => "leakyrelu", :b_size => 8, :gamma => 0.6122306663538594, :hidden_dim => 89, :learning_rate => 0.006669402012494046, :min_lr => 0.00010909473079023628, :step_rate => 28] pruned in step 10 at instance 1
[+] Trial 63: Pair{Symbol, Any}[:activation => "leakyrelu", :b_size => 8, :gamma => 0.6526016994078905, :hidden_dim => 42, :learning_rate => 0.006157066214973723, :min_lr => 1.0e-6, :step_rate => 29] evaluated 2283.1913452148438 at instance 1
[-] Trial 64: Pair{Symbol, Any}[:activation => "leakyrelu", :b_size => 26, :gamma => 0.6108501231389165, :hidden_dim => 43, :learning_rate => 0.006264330057620938, :min_lr => 1.0e-6, :step_rate => 22] pruned in step 10 at instance 1
[+] Trial 65: Pair{Symbol, Any}[:activation => "leakyrelu", :b_size => 4, :gamma => 0.6426103617394343, :hidden_dim => 29, :learning_rate => 0.0016892395504103472, :min_lr => 1.0e-6, :step_rate => 22] evaluated 1592.4374732971191 at instance 1
[+] Trial 66: Pair{Symbol, Any}[:activation => "selu", :b_size => 5, :gamma => 0.6403526307750178, :hidden_dim => 2, :learning_rate => 0.007488447267237084, :min_lr => 1.0e-6, :step_rate => 22] evaluated 1706.2257919311523 at instance 1
[+] Trial 67: Pair{Symbol, Any}[:activation => "leakyrelu", :b_size => 24, :gamma => 0.6705138228405284, :hidden_dim => 29, :learning_rate => 0.0033060953366916244, :min_lr => 0.003945925129179217, :step_rate => 30] evaluated 1552.25732421875 at instance 1
[-] Trial 68: Pair{Symbol, Any}[:activation => "leakyrelu", :b_size => 26, :gamma => 0.6289191384834165, :hidden_dim => 90, :learning_rate => 0.01, :min_lr => 0.0007133517134981626, :step_rate => 14] pruned in step 10 at instance 1
[+] Trial 69: Pair{Symbol, Any}[:activation => "swish", :b_size => 8, :gamma => 0.7848841534152148, :hidden_dim => 2, :learning_rate => 0.001661824003656498, :min_lr => 0.0006397777914384434, :step_rate => 21] evaluated 14320.109619140625 at instance 1
[+] Trial 70: Pair{Symbol, Any}[:activation => "leakyrelu", :b_size => 8, :gamma => 0.8429651239023855, :hidden_dim => 14, :learning_rate => 0.004074661065856818, :min_lr => 0.00040837251105438517, :step_rate => 29] evaluated 1460.6424179077148 at instance 1
[-] Trial 71: Pair{Symbol, Any}[:activation => "leakyrelu", :b_size => 13, :gamma => 0.5540360728766738, :hidden_dim => 14, :learning_rate => 0.0008612158767571383, :min_lr => 0.007498118091461655, :step_rate => 29] pruned in step 90 at instance 1
[-] Trial 72: Pair{Symbol, Any}[:activation => "swish", :b_size => 13, :gamma => 0.5321005387091252, :hidden_dim => 67, :learning_rate => 0.01, :min_lr => 0.0067797167217008986, :step_rate => 21] pruned in step 10 at instance 1
[-] Trial 73: Pair{Symbol, Any}[:activation => "swish", :b_size => 17, :gamma => 0.5, :hidden_dim => 43, :learning_rate => 0.002917136788032731, :min_lr => 1.0e-6, :step_rate => 28] pruned in step 10 at instance 1
[+] Trial 74: Pair{Symbol, Any}[:activation => "gelu", :b_size => 24, :gamma => 0.6283923368220223, :hidden_dim => 4, :learning_rate => 0.0014226278519425227, :min_lr => 0.000574558700448688, :step_rate => 28] evaluated 20082.869750976562 at instance 1
[+] Trial 75: Pair{Symbol, Any}[:activation => "leakyrelu", :b_size => 17, :gamma => 0.6340964923236494, :hidden_dim => 90, :learning_rate => 0.0009222464263578334, :min_lr => 1.0e-6, :step_rate => 40] evaluated 1430.2231140136719 at instance 1
[+] Trial 76: Pair{Symbol, Any}[:activation => "leakyrelu", :b_size => 26, :gamma => 0.7826460848275685, :hidden_dim => 14, :learning_rate => 0.0029385475749168872, :min_lr => 0.0027642479095845076, :step_rate => 30] evaluated 1616.4996337890625 at instance 1
[+] Trial 77: Pair{Symbol, Any}[:activation => "selu", :b_size => 2, :gamma => 0.5, :hidden_dim => 29, :learning_rate => 0.00022473377110317347, :min_lr => 1.0e-6, :step_rate => 11] evaluated 1542.4792404174805 at instance 1
[+] Trial 78: Pair{Symbol, Any}[:activation => "selu", :b_size => 4, :gamma => 0.5, :hidden_dim => 4, :learning_rate => 0.004771365802248075, :min_lr => 1.0e-6, :step_rate => 30] evaluated 1555.9596672058105 at instance 1
[-] Trial 79: Pair{Symbol, Any}[:activation => "leakyrelu", :b_size => 2, :gamma => 0.551260939522392, :hidden_dim => 90, :learning_rate => 0.003300997480891809, :min_lr => 0.008752205619960072, :step_rate => 30] pruned in step 10 at instance 1
[+] Trial 80: Pair{Symbol, Any}[:activation => "gelu", :b_size => 8, :gamma => 0.5735539626613628, :hidden_dim => 14, :learning_rate => 0.004127110645217434, :min_lr => 0.008476800059831398, :step_rate => 22] evaluated 51791.43896484375 at instance 1
[-] Trial 81: Pair{Symbol, Any}[:activation => "swish", :b_size => 13, :gamma => 0.5410037945599482, :hidden_dim => 14, :learning_rate => 0.008455448841432052, :min_lr => 0.003880134997291256, :step_rate => 14] pruned in step 59 at instance 1
[+] Trial 82: Pair{Symbol, Any}[:activation => "leakyrelu", :b_size => 13, :gamma => 0.6560760561270292, :hidden_dim => 2, :learning_rate => 0.004745916431167273, :min_lr => 0.004292871779258984, :step_rate => 29] evaluated 2289.589813232422 at instance 1
[-] Trial 83: Pair{Symbol, Any}[:activation => "leakyrelu", :b_size => 2, :gamma => 0.5989124219431926, :hidden_dim => 29, :learning_rate => 0.01, :min_lr => 0.0053295232369544275, :step_rate => 30] pruned in step 12 at instance 1
[+] Trial 84: Pair{Symbol, Any}[:activation => "leakyrelu", :b_size => 17, :gamma => 0.5, :hidden_dim => 2, :learning_rate => 0.004668655694965378, :min_lr => 0.002821085775669514, :step_rate => 14] evaluated 2695.3222045898438 at instance 1
[+] Trial 85: Pair{Symbol, Any}[:activation => "leakyrelu", :b_size => 17, :gamma => 0.7209272695217295, :hidden_dim => 4, :learning_rate => 0.005807813710683613, :min_lr => 1.0e-6, :step_rate => 30] evaluated 1916.4375305175781 at instance 1
[+] Trial 86: Pair{Symbol, Any}[:activation => "selu", :b_size => 8, :gamma => 0.6839857206080406, :hidden_dim => 4, :learning_rate => 0.0058013916315899465, :min_lr => 0.008506324350456486, :step_rate => 14] evaluated 37376.6337890625 at instance 1
[-] Trial 87: Pair{Symbol, Any}[:activation => "selu", :b_size => 8, :gamma => 0.6016293148902497, :hidden_dim => 94, :learning_rate => 0.0065836985974825025, :min_lr => 1.0e-6, :step_rate => 30] pruned in step 10 at instance 1
[+] Trial 88: Pair{Symbol, Any}[:activation => "leakyrelu", :b_size => 17, :gamma => 0.5165937719047129, :hidden_dim => 42, :learning_rate => 0.00045746152750783986, :min_lr => 1.0e-6, :step_rate => 21] evaluated 1698.8938446044922 at instance 1
[+] Trial 89: Pair{Symbol, Any}[:activation => "gelu", :b_size => 17, :gamma => 0.6112771836793094, :hidden_dim => 29, :learning_rate => 0.003158943174812726, :min_lr => 1.0e-6, :step_rate => 40] evaluated 18459.0458984375 at instance 1
[-] Trial 90: Pair{Symbol, Any}[:activation => "selu", :b_size => 2, :gamma => 0.5, :hidden_dim => 67, :learning_rate => 0.006338423566151875, :min_lr => 0.00022175254301353095, :step_rate => 21] pruned in step 10 at instance 1
[+] Trial 91: Pair{Symbol, Any}[:activation => "leakyrelu", :b_size => 17, :gamma => 0.6517584415144715, :hidden_dim => 14, :learning_rate => 0.0030996480454634776, :min_lr => 0.007864058780242041, :step_rate => 21] evaluated 1581.4024353027344 at instance 1
[-] Trial 92: Pair{Symbol, Any}[:activation => "selu", :b_size => 17, :gamma => 0.5493867319564746, :hidden_dim => 29, :learning_rate => 0.008794476271254573, :min_lr => 0.007341868925666245, :step_rate => 14] pruned in step 10 at instance 1
[-] Trial 93: Pair{Symbol, Any}[:activation => "leakyrelu", :b_size => 2, :gamma => 0.6128879611988306, :hidden_dim => 60, :learning_rate => 0.00827997725270328, :min_lr => 0.005085223527892269, :step_rate => 18] pruned in step 11 at instance 1
[+] Trial 94: Pair{Symbol, Any}[:activation => "gelu", :b_size => 8, :gamma => 0.5417148969271433, :hidden_dim => 2, :learning_rate => 0.005589158304895937, :min_lr => 1.0e-6, :step_rate => 21] evaluated 19458.81231689453 at instance 1
[+] Trial 95: Pair{Symbol, Any}[:activation => "gelu", :b_size => 17, :gamma => 0.5726822234879612, :hidden_dim => 2, :learning_rate => 0.0004321684621678252, :min_lr => 1.0e-6, :step_rate => 11] evaluated 22935.165771484375 at instance 1
[+] Trial 96: Pair{Symbol, Any}[:activation => "leakyrelu", :b_size => 24, :gamma => 0.610917309312202, :hidden_dim => 14, :learning_rate => 0.002054807096617715, :min_lr => 0.004222679628551818, :step_rate => 38] evaluated 1695.9546165466309 at instance 1
[+] Trial 97: Pair{Symbol, Any}[:activation => "leakyrelu", :b_size => 8, :gamma => 0.6366949827482916, :hidden_dim => 29, :learning_rate => 0.002740180998946298, :min_lr => 0.0027759090349157574, :step_rate => 30] evaluated 1657.648120880127 at instance 1
[-] Trial 98: Pair{Symbol, Any}[:activation => "leakyrelu", :b_size => 8, :gamma => 0.5, :hidden_dim => 90, :learning_rate => 0.001393309643849397, :min_lr => 0.004098404674453022, :step_rate => 40] pruned in step 10 at instance 1
[-] Trial 99: Pair{Symbol, Any}[:activation => "selu", :b_size => 8, :gamma => 0.5012087868835876, :hidden_dim => 90, :learning_rate => 0.004531996944106797, :min_lr => 0.0016362066466229024, :step_rate => 30] pruned in step 10 at instance 1
[+] Trial 100: Pair{Symbol, Any}[:activation => "leakyrelu", :b_size => 2, :gamma => 0.5282359108313385, :hidden_dim => 4, :learning_rate => 0.0008889083275109357, :min_lr => 2.2483863361331654e-5, :step_rate => 30] evaluated 1900.5185070037842 at instance 1
PARAMETERS:
┌────┬────────────┬────────┬──────────┬────────────┬───────────────┬─────────────┬───────────┬─────────┬───────────┬─────────┬────────┐
│ ID │ activation │ b_size │    gamma │ hidden_dim │ learning_rate │      min_lr │ step_rate │ Success │ Objective │    Time │ Pruned │
├────┼────────────┼────────┼──────────┼────────────┼───────────────┼─────────────┼───────────┼─────────┼───────────┼─────────┼────────┤
│ 75 │  leakyrelu │     17 │ 0.634096 │         90 │   0.000922246 │      1.0e-6 │        40 │       0 │   1430.22 │ 128.127 │  false │
│ 70 │  leakyrelu │      8 │ 0.842965 │         14 │    0.00407466 │ 0.000408373 │        29 │       0 │   1460.64 │ 60.8357 │  false │
│ 67 │  leakyrelu │     24 │ 0.670514 │         29 │     0.0033061 │  0.00394593 │        30 │       0 │   1552.26 │  27.427 │  false │
│ 76 │  leakyrelu │     26 │ 0.782646 │         14 │    0.00293855 │  0.00276425 │        30 │       0 │    1616.5 │ 20.3823 │  false │
│ 58 │  leakyrelu │     24 │ 0.545446 │          4 │     0.0025231 │  0.00398575 │        14 │       0 │   2151.56 │ 19.0585 │  false │
└────┴────────────┴────────┴──────────┴────────────┴───────────────┴─────────────┴───────────┴─────────┴───────────┴─────────┴────────┘

