[+] Trial 1: Pair{Symbol, Any}[:b_size => 41, :decoder_activation_four => "leakyrelu", :decoder_activation_one => "selu", :decoder_activation_three => "relu", :decoder_activation_two => "leakyrelu", :decoder_wav_four => "DerivativeOfGaussian", :decoder_wav_one => "MexicanHat", :decoder_wav_three => "Morlet", :decoder_wav_two => "Shannon", :encoder_activation_one => "swish", :encoder_activation_three => "swish", :encoder_activation_two => "relu", :encoder_wav_one => "DerivativeOfGaussian", :encoder_wav_three => "Morlet", :encoder_wav_two => "Shannon", :gamma => 0.8659434979915861, :hidden_dim => 15, :learning_rate => 0.007864284788073776, :min_lr => 0.0034890926000128403, :norm => true, :step_rate => 37] evaluated NaN at instance 1
[+] Trial 2: Pair{Symbol, Any}[:b_size => 13, :decoder_activation_four => "relu", :decoder_activation_one => "gelu", :decoder_activation_three => "selu", :decoder_activation_two => "swish", :decoder_wav_four => "Morlet", :decoder_wav_one => "DerivativeOfGaussian", :decoder_wav_three => "Meyer", :decoder_wav_two => "Shannon", :encoder_activation_one => "swish", :encoder_activation_three => "relu", :encoder_activation_two => "selu", :encoder_wav_one => "Meyer", :encoder_wav_three => "Morlet", :encoder_wav_two => "DerivativeOfGaussian", :gamma => 0.6097614782589165, :hidden_dim => 572, :learning_rate => 0.0036110741523257862, :min_lr => 0.006172869203888238, :norm => true, :step_rate => 32] evaluated NaN at instance 1
[+] Trial 3: Pair{Symbol, Any}[:b_size => 29, :decoder_activation_four => "selu", :decoder_activation_one => "swish", :decoder_activation_three => "swish", :decoder_activation_two => "leakyrelu", :decoder_wav_four => "DerivativeOfGaussian", :decoder_wav_one => "Morlet", :decoder_wav_three => "Meyer", :decoder_wav_two => "Shannon", :encoder_activation_one => "leakyrelu", :encoder_activation_three => "relu", :encoder_activation_two => "swish", :encoder_wav_one => "MexicanHat", :encoder_wav_three => "Morlet", :encoder_wav_two => "Shannon", :gamma => 0.6241314489222507, :hidden_dim => 567, :learning_rate => 0.0016336249541937854, :min_lr => 0.005171545533232916, :norm => false, :step_rate => 18] evaluated 64260.0712890625 at instance 1
[+] Trial 4: Pair{Symbol, Any}[:b_size => 7, :decoder_activation_four => "leakyrelu", :decoder_activation_one => "selu", :decoder_activation_three => "leakyrelu", :decoder_activation_two => "swish", :decoder_wav_four => "Meyer", :decoder_wav_one => "DerivativeOfGaussian", :decoder_wav_three => "MexicanHat", :decoder_wav_two => "DerivativeOfGaussian", :encoder_activation_one => "relu", :encoder_activation_three => "gelu", :encoder_activation_two => "selu", :encoder_wav_one => "DerivativeOfGaussian", :encoder_wav_three => "MexicanHat", :encoder_wav_two => "Morlet", :gamma => 0.8765086159263702, :hidden_dim => 19, :learning_rate => 0.008974685158972838, :min_lr => 0.0016231788361528113, :norm => false, :step_rate => 24] evaluated NaN at instance 1
[+] Trial 5: Pair{Symbol, Any}[:b_size => 1, :decoder_activation_four => "relu", :decoder_activation_one => "selu", :decoder_activation_three => "relu", :decoder_activation_two => "leakyrelu", :decoder_wav_four => "MexicanHat", :decoder_wav_one => "Shannon", :decoder_wav_three => "Shannon", :decoder_wav_two => "DerivativeOfGaussian", :encoder_activation_one => "gelu", :encoder_activation_three => "swish", :encoder_activation_two => "relu", :encoder_wav_one => "Morlet", :encoder_wav_three => "Meyer", :encoder_wav_two => "DerivativeOfGaussian", :gamma => 0.8067523372370902, :hidden_dim => 335, :learning_rate => 0.006738822589613545, :min_lr => 0.005545448259344147, :norm => true, :step_rate => 38] evaluated NaN at instance 1
[+] Trial 6: Pair{Symbol, Any}[:b_size => 45, :decoder_activation_four => "gelu", :decoder_activation_one => "relu", :decoder_activation_three => "swish", :decoder_activation_two => "selu", :decoder_wav_four => "Morlet", :decoder_wav_one => "MexicanHat", :decoder_wav_three => "Morlet", :decoder_wav_two => "DerivativeOfGaussian", :encoder_activation_one => "selu", :encoder_activation_three => "swish", :encoder_activation_two => "relu", :encoder_wav_one => "Morlet", :encoder_wav_three => "Meyer", :encoder_wav_two => "DerivativeOfGaussian", :gamma => 0.6985064975078539, :hidden_dim => 496, :learning_rate => 0.003922196024254202, :min_lr => 0.00041501031462083584, :norm => false, :step_rate => 36] evaluated 51907.94677734375 at instance 1
[+] Trial 7: Pair{Symbol, Any}[:b_size => 45, :decoder_activation_four => "gelu", :decoder_activation_one => "gelu", :decoder_activation_three => "swish", :decoder_activation_two => "leakyrelu", :decoder_wav_four => "Meyer", :decoder_wav_one => "Morlet", :decoder_wav_three => "MexicanHat", :decoder_wav_two => "Shannon", :encoder_activation_one => "relu", :encoder_activation_three => "selu", :encoder_activation_two => "relu", :encoder_wav_one => "Morlet", :encoder_wav_three => "Meyer", :encoder_wav_two => "Shannon", :gamma => 0.8870524687705217, :hidden_dim => 387, :learning_rate => 0.006610713173742686, :min_lr => 0.0013277993227164713, :norm => false, :step_rate => 36] evaluated NaN at instance 1
[+] Trial 8: Pair{Symbol, Any}[:b_size => 19, :decoder_activation_four => "selu", :decoder_activation_one => "leakyrelu", :decoder_activation_three => "relu", :decoder_activation_two => "gelu", :decoder_wav_four => "Meyer", :decoder_wav_one => "Shannon", :decoder_wav_three => "Shannon", :decoder_wav_two => "MexicanHat", :encoder_activation_one => "selu", :encoder_activation_three => "selu", :encoder_activation_two => "relu", :encoder_wav_one => "DerivativeOfGaussian", :encoder_wav_three => "Shannon", :encoder_wav_two => "MexicanHat", :gamma => 0.7276297256442661, :hidden_dim => 173, :learning_rate => 0.003341657319941671, :min_lr => 0.0022054750327869495, :norm => false, :step_rate => 10] evaluated NaN at instance 1
[+] Trial 9: Pair{Symbol, Any}[:b_size => 24, :decoder_activation_four => "gelu", :decoder_activation_one => "relu", :decoder_activation_three => "selu", :decoder_activation_two => "relu", :decoder_wav_four => "Meyer", :decoder_wav_one => "MexicanHat", :decoder_wav_three => "MexicanHat", :decoder_wav_two => "Meyer", :encoder_activation_one => "relu", :encoder_activation_three => "leakyrelu", :encoder_activation_two => "gelu", :encoder_wav_one => "MexicanHat", :encoder_wav_three => "MexicanHat", :encoder_wav_two => "DerivativeOfGaussian", :gamma => 0.7852094606452125, :hidden_dim => 147, :learning_rate => 0.008456160936946998, :min_lr => 0.005836625534791304, :norm => false, :step_rate => 25] evaluated NaN at instance 1
[+] Trial 10: Pair{Symbol, Any}[:b_size => 46, :decoder_activation_four => "leakyrelu", :decoder_activation_one => "gelu", :decoder_activation_three => "swish", :decoder_activation_two => "swish", :decoder_wav_four => "Morlet", :decoder_wav_one => "Morlet", :decoder_wav_three => "MexicanHat", :decoder_wav_two => "Shannon", :encoder_activation_one => "selu", :encoder_activation_three => "selu", :encoder_activation_two => "swish", :encoder_wav_one => "MexicanHat", :encoder_wav_three => "Meyer", :encoder_wav_two => "Shannon", :gamma => 0.6693413546366203, :hidden_dim => 62, :learning_rate => 0.0015451314570043906, :min_lr => 0.00873198626080004, :norm => true, :step_rate => 17] evaluated NaN at instance 1
[+] Trial 11: Pair{Symbol, Any}[:b_size => 3, :decoder_activation_four => "swish", :decoder_activation_one => "swish", :decoder_activation_three => "selu", :decoder_activation_two => "leakyrelu", :decoder_wav_four => "DerivativeOfGaussian", :decoder_wav_one => "DerivativeOfGaussian", :decoder_wav_three => "Morlet", :decoder_wav_two => "Shannon", :encoder_activation_one => "selu", :encoder_activation_three => "gelu", :encoder_activation_two => "selu", :encoder_wav_one => "MexicanHat", :encoder_wav_three => "DerivativeOfGaussian", :encoder_wav_two => "DerivativeOfGaussian", :gamma => 0.7133477743506158, :hidden_dim => 18, :learning_rate => 0.00857269006741676, :min_lr => 0.009121838947472035, :norm => true, :step_rate => 26] evaluated NaN at instance 1
[+] Trial 12: Pair{Symbol, Any}[:b_size => 15, :decoder_activation_four => "leakyrelu", :decoder_activation_one => "swish", :decoder_activation_three => "selu", :decoder_activation_two => "selu", :decoder_wav_four => "Shannon", :decoder_wav_one => "DerivativeOfGaussian", :decoder_wav_three => "Morlet", :decoder_wav_two => "DerivativeOfGaussian", :encoder_activation_one => "relu", :encoder_activation_three => "relu", :encoder_activation_two => "relu", :encoder_wav_one => "Meyer", :encoder_wav_three => "Meyer", :encoder_wav_two => "Meyer", :gamma => 0.6338827610396478, :hidden_dim => 265, :learning_rate => 0.00850177639147414, :min_lr => 0.0022788887960415775, :norm => true, :step_rate => 25] evaluated NaN at instance 1
[+] Trial 13: Pair{Symbol, Any}[:b_size => 12, :decoder_activation_four => "leakyrelu", :decoder_activation_one => "swish", :decoder_activation_three => "gelu", :decoder_activation_two => "leakyrelu", :decoder_wav_four => "DerivativeOfGaussian", :decoder_wav_one => "Shannon", :decoder_wav_three => "Morlet", :decoder_wav_two => "Morlet", :encoder_activation_one => "leakyrelu", :encoder_activation_three => "swish", :encoder_activation_two => "swish", :encoder_wav_one => "Meyer", :encoder_wav_three => "Morlet", :encoder_wav_two => "Morlet", :gamma => 0.7038562989828935, :hidden_dim => 209, :learning_rate => 0.0013559612460281687, :min_lr => 0.0030190329608755957, :norm => false, :step_rate => 11] evaluated 64721.511962890625 at instance 1
[+] Trial 14: Pair{Symbol, Any}[:b_size => 21, :decoder_activation_four => "selu", :decoder_activation_one => "leakyrelu", :decoder_activation_three => "swish", :decoder_activation_two => "swish", :decoder_wav_four => "Shannon", :decoder_wav_one => "Meyer", :decoder_wav_three => "MexicanHat", :decoder_wav_two => "DerivativeOfGaussian", :encoder_activation_one => "swish", :encoder_activation_three => "relu", :encoder_activation_two => "gelu", :encoder_wav_one => "Morlet", :encoder_wav_three => "Morlet", :encoder_wav_two => "MexicanHat", :gamma => 0.6515805450063094, :hidden_dim => 464, :learning_rate => 0.0019846327845534496, :min_lr => 0.007230741934448693, :norm => true, :step_rate => 36] evaluated NaN at instance 1
[+] Trial 15: Pair{Symbol, Any}[:b_size => 24, :decoder_activation_four => "leakyrelu", :decoder_activation_one => "gelu", :decoder_activation_three => "leakyrelu", :decoder_activation_two => "gelu", :decoder_wav_four => "MexicanHat", :decoder_wav_one => "Morlet", :decoder_wav_three => "Morlet", :decoder_wav_two => "DerivativeOfGaussian", :encoder_activation_one => "gelu", :encoder_activation_three => "gelu", :encoder_activation_two => "selu", :encoder_wav_one => "Shannon", :encoder_wav_three => "Meyer", :encoder_wav_two => "Morlet", :gamma => 0.632080423992717, :hidden_dim => 510, :learning_rate => 0.00702218794725837, :min_lr => 0.0007416251661802253, :norm => true, :step_rate => 40] evaluated NaN at instance 1
[+] Trial 16: Pair{Symbol, Any}[:b_size => 17, :decoder_activation_four => "selu", :decoder_activation_one => "relu", :decoder_activation_three => "relu", :decoder_activation_two => "leakyrelu", :decoder_wav_four => "MexicanHat", :decoder_wav_one => "MexicanHat", :decoder_wav_three => "Morlet", :decoder_wav_two => "Shannon", :encoder_activation_one => "selu", :encoder_activation_three => "gelu", :encoder_activation_two => "swish", :encoder_wav_one => "Morlet", :encoder_wav_three => "MexicanHat", :encoder_wav_two => "Shannon", :gamma => 0.7847635814988364, :hidden_dim => 179, :learning_rate => 0.008511745894439187, :min_lr => 0.005250014996463731, :norm => false, :step_rate => 15] evaluated 51824.2197265625 at instance 1
[+] Trial 17: Pair{Symbol, Any}[:b_size => 27, :decoder_activation_four => "swish", :decoder_activation_one => "relu", :decoder_activation_three => "selu", :decoder_activation_two => "swish", :decoder_wav_four => "DerivativeOfGaussian", :decoder_wav_one => "DerivativeOfGaussian", :decoder_wav_three => "Meyer", :decoder_wav_two => "DerivativeOfGaussian", :encoder_activation_one => "relu", :encoder_activation_three => "gelu", :encoder_activation_two => "selu", :encoder_wav_one => "Shannon", :encoder_wav_three => "MexicanHat", :encoder_wav_two => "MexicanHat", :gamma => 0.595156635623874, :hidden_dim => 77, :learning_rate => 0.006547663273436292, :min_lr => 0.000979341337943263, :norm => false, :step_rate => 39] evaluated NaN at instance 1
[+] Trial 18: Pair{Symbol, Any}[:b_size => 2, :decoder_activation_four => "leakyrelu", :decoder_activation_one => "swish", :decoder_activation_three => "gelu", :decoder_activation_two => "swish", :decoder_wav_four => "DerivativeOfGaussian", :decoder_wav_one => "DerivativeOfGaussian", :decoder_wav_three => "Meyer", :decoder_wav_two => "MexicanHat", :encoder_activation_one => "relu", :encoder_activation_three => "gelu", :encoder_activation_two => "leakyrelu", :encoder_wav_one => "Morlet", :encoder_wav_three => "Morlet", :encoder_wav_two => "Meyer", :gamma => 0.615162114369164, :hidden_dim => 54, :learning_rate => 0.009375800041685572, :min_lr => 0.00860937287133771, :norm => true, :step_rate => 34] evaluated NaN at instance 1
[+] Trial 19: Pair{Symbol, Any}[:b_size => 33, :decoder_activation_four => "gelu", :decoder_activation_one => "swish", :decoder_activation_three => "gelu", :decoder_activation_two => "leakyrelu", :decoder_wav_four => "DerivativeOfGaussian", :decoder_wav_one => "MexicanHat", :decoder_wav_three => "MexicanHat", :decoder_wav_two => "Shannon", :encoder_activation_one => "relu", :encoder_activation_three => "swish", :encoder_activation_two => "selu", :encoder_wav_one => "Morlet", :encoder_wav_three => "Shannon", :encoder_wav_two => "DerivativeOfGaussian", :gamma => 0.6679223076862154, :hidden_dim => 576, :learning_rate => 0.0011061204768028764, :min_lr => 0.003939351494789381, :norm => false, :step_rate => 30] evaluated 71408.60302734375 at instance 1
[+] Trial 20: Pair{Symbol, Any}[:b_size => 41, :decoder_activation_four => "selu", :decoder_activation_one => "swish", :decoder_activation_three => "selu", :decoder_activation_two => "selu", :decoder_wav_four => "Morlet", :decoder_wav_one => "MexicanHat", :decoder_wav_three => "MexicanHat", :decoder_wav_two => "Meyer", :encoder_activation_one => "gelu", :encoder_activation_three => "swish", :encoder_activation_two => "swish", :encoder_wav_one => "DerivativeOfGaussian", :encoder_wav_three => "Shannon", :encoder_wav_two => "DerivativeOfGaussian", :gamma => 0.7656724572808745, :hidden_dim => 198, :learning_rate => 0.0037796897317109437, :min_lr => 0.00449549985168296, :norm => false, :step_rate => 29] evaluated 51863.681640625 at instance 1
[+] Trial 21: Pair{Symbol, Any}[:b_size => 19, :decoder_activation_four => "gelu", :decoder_activation_one => "leakyrelu", :decoder_activation_three => "gelu", :decoder_activation_two => "relu", :decoder_wav_four => "Morlet", :decoder_wav_one => "DerivativeOfGaussian", :decoder_wav_three => "MexicanHat", :decoder_wav_two => "Shannon", :encoder_activation_one => "leakyrelu", :encoder_activation_three => "selu", :encoder_activation_two => "relu", :encoder_wav_one => "Shannon", :encoder_wav_three => "Meyer", :encoder_wav_two => "MexicanHat", :gamma => 0.6353585955370594, :hidden_dim => 111, :learning_rate => 0.007648056835431479, :min_lr => 0.005135363671648268, :norm => true, :step_rate => 11] evaluated NaN at instance 1
[+] Trial 22: Pair{Symbol, Any}[:b_size => 49, :decoder_activation_four => "swish", :decoder_activation_one => "selu", :decoder_activation_three => "selu", :decoder_activation_two => "gelu", :decoder_wav_four => "Meyer", :decoder_wav_one => "DerivativeOfGaussian", :decoder_wav_three => "Meyer", :decoder_wav_two => "Meyer", :encoder_activation_one => "leakyrelu", :encoder_activation_three => "swish", :encoder_activation_two => "gelu", :encoder_wav_one => "DerivativeOfGaussian", :encoder_wav_three => "DerivativeOfGaussian", :encoder_wav_two => "Meyer", :gamma => 0.7875529667290695, :hidden_dim => 378, :learning_rate => 0.009810446167345822, :min_lr => 0.0009622122144864173, :norm => true, :step_rate => 34] evaluated NaN at instance 1
[+] Trial 23: Pair{Symbol, Any}[:b_size => 36, :decoder_activation_four => "leakyrelu", :decoder_activation_one => "gelu", :decoder_activation_three => "gelu", :decoder_activation_two => "swish", :decoder_wav_four => "DerivativeOfGaussian", :decoder_wav_one => "MexicanHat", :decoder_wav_three => "Morlet", :decoder_wav_two => "Shannon", :encoder_activation_one => "gelu", :encoder_activation_three => "gelu", :encoder_activation_two => "leakyrelu", :encoder_wav_one => "MexicanHat", :encoder_wav_three => "Meyer", :encoder_wav_two => "Shannon", :gamma => 0.8838455119546537, :hidden_dim => 414, :learning_rate => 0.0004442052377885666, :min_lr => 0.008277201114067597, :norm => false, :step_rate => 11] evaluated 74852.806640625 at instance 1
[+] Trial 24: Pair{Symbol, Any}[:b_size => 4, :decoder_activation_four => "relu", :decoder_activation_one => "relu", :decoder_activation_three => "swish", :decoder_activation_two => "leakyrelu", :decoder_wav_four => "MexicanHat", :decoder_wav_one => "DerivativeOfGaussian", :decoder_wav_three => "MexicanHat", :decoder_wav_two => "DerivativeOfGaussian", :encoder_activation_one => "selu", :encoder_activation_three => "swish", :encoder_activation_two => "leakyrelu", :encoder_wav_one => "Shannon", :encoder_wav_three => "MexicanHat", :encoder_wav_two => "Meyer", :gamma => 0.583752295486223, :hidden_dim => 266, :learning_rate => 0.007257125501676426, :min_lr => 0.008813672739027544, :norm => false, :step_rate => 21] evaluated NaN at instance 1
[+] Trial 25: Pair{Symbol, Any}[:b_size => 21, :decoder_activation_four => "relu", :decoder_activation_one => "selu", :decoder_activation_three => "selu", :decoder_activation_two => "swish", :decoder_wav_four => "Meyer", :decoder_wav_one => "MexicanHat", :decoder_wav_three => "Meyer", :decoder_wav_two => "Morlet", :encoder_activation_one => "swish", :encoder_activation_three => "gelu", :encoder_activation_two => "leakyrelu", :encoder_wav_one => "Morlet", :encoder_wav_three => "Meyer", :encoder_wav_two => "Morlet", :gamma => 0.8955764348212095, :hidden_dim => 556, :learning_rate => 0.0055214166862435085, :min_lr => 0.008545671042491574, :norm => false, :step_rate => 31] evaluated NaN at instance 1
[+] Trial 26: Pair{Symbol, Any}[:b_size => 2, :decoder_activation_four => "relu", :decoder_activation_one => "gelu", :decoder_activation_three => "gelu", :decoder_activation_two => "leakyrelu", :decoder_wav_four => "MexicanHat", :decoder_wav_one => "Shannon", :decoder_wav_three => "MexicanHat", :decoder_wav_two => "Meyer", :encoder_activation_one => "relu", :encoder_activation_three => "relu", :encoder_activation_two => "relu", :encoder_wav_one => "Morlet", :encoder_wav_three => "DerivativeOfGaussian", :encoder_wav_two => "Shannon", :gamma => 0.6161775238614731, :hidden_dim => 361, :learning_rate => 0.009434714791805176, :min_lr => 0.0004920325051494144, :norm => true, :step_rate => 16] evaluated NaN at instance 1
[+] Trial 27: Pair{Symbol, Any}[:b_size => 35, :decoder_activation_four => "swish", :decoder_activation_one => "swish", :decoder_activation_three => "relu", :decoder_activation_two => "relu", :decoder_wav_four => "MexicanHat", :decoder_wav_one => "Meyer", :decoder_wav_three => "Morlet", :decoder_wav_two => "Shannon", :encoder_activation_one => "gelu", :encoder_activation_three => "relu", :encoder_activation_two => "swish", :encoder_wav_one => "Morlet", :encoder_wav_three => "Meyer", :encoder_wav_two => "MexicanHat", :gamma => 0.8837356477544256, :hidden_dim => 559, :learning_rate => 0.0032038159043310866, :min_lr => 0.0020820657479619083, :norm => false, :step_rate => 34] evaluated 51905.8984375 at instance 1
[+] Trial 28: Pair{Symbol, Any}[:b_size => 11, :decoder_activation_four => "gelu", :decoder_activation_one => "swish", :decoder_activation_three => "swish", :decoder_activation_two => "swish", :decoder_wav_four => "DerivativeOfGaussian", :decoder_wav_one => "Meyer", :decoder_wav_three => "Meyer", :decoder_wav_two => "Shannon", :encoder_activation_one => "selu", :encoder_activation_three => "relu", :encoder_activation_two => "relu", :encoder_wav_one => "Meyer", :encoder_wav_three => "MexicanHat", :encoder_wav_two => "Morlet", :gamma => 0.6837653778202056, :hidden_dim => 212, :learning_rate => 0.009393635655619292, :min_lr => 0.003511583355397355, :norm => false, :step_rate => 22] evaluated NaN at instance 1
[+] Trial 29: Pair{Symbol, Any}[:b_size => 9, :decoder_activation_four => "selu", :decoder_activation_one => "relu", :decoder_activation_three => "relu", :decoder_activation_two => "selu", :decoder_wav_four => "MexicanHat", :decoder_wav_one => "Shannon", :decoder_wav_three => "Morlet", :decoder_wav_two => "Shannon", :encoder_activation_one => "leakyrelu", :encoder_activation_three => "leakyrelu", :encoder_activation_two => "leakyrelu", :encoder_wav_one => "Meyer", :encoder_wav_three => "Meyer", :encoder_wav_two => "DerivativeOfGaussian", :gamma => 0.6161310100875902, :hidden_dim => 122, :learning_rate => 0.003831031634902132, :min_lr => 0.007421775329251915, :norm => true, :step_rate => 13] evaluated NaN at instance 1
[+] Trial 30: Pair{Symbol, Any}[:b_size => 2, :decoder_activation_four => "selu", :decoder_activation_one => "leakyrelu", :decoder_activation_three => "selu", :decoder_activation_two => "leakyrelu", :decoder_wav_four => "Meyer", :decoder_wav_one => "Shannon", :decoder_wav_three => "MexicanHat", :decoder_wav_two => "Morlet", :encoder_activation_one => "relu", :encoder_activation_three => "leakyrelu", :encoder_activation_two => "gelu", :encoder_wav_one => "Shannon", :encoder_wav_three => "DerivativeOfGaussian", :encoder_wav_two => "Morlet", :gamma => 0.5733125072070057, :hidden_dim => 367, :learning_rate => 0.0007453931729173537, :min_lr => 0.009489131411039497, :norm => false, :step_rate => 34] evaluated NaN at instance 1
[+] Trial 31: Pair{Symbol, Any}[:b_size => 22, :decoder_activation_four => "leakyrelu", :decoder_activation_one => "relu", :decoder_activation_three => "relu", :decoder_activation_two => "relu", :decoder_wav_four => "DerivativeOfGaussian", :decoder_wav_one => "Shannon", :decoder_wav_three => "Meyer", :decoder_wav_two => "Morlet", :encoder_activation_one => "swish", :encoder_activation_three => "swish", :encoder_activation_two => "swish", :encoder_wav_one => "Shannon", :encoder_wav_three => "Shannon", :encoder_wav_two => "Shannon", :gamma => 0.6084829745376226, :hidden_dim => 211, :learning_rate => 0.002128506719157488, :min_lr => 0.0070053316876589975, :norm => false, :step_rate => 13] evaluated 54027.23046875 at instance 1
[+] Trial 32: Pair{Symbol, Any}[:b_size => 48, :decoder_activation_four => "swish", :decoder_activation_one => "swish", :decoder_activation_three => "relu", :decoder_activation_two => "leakyrelu", :decoder_wav_four => "DerivativeOfGaussian", :decoder_wav_one => "Morlet", :decoder_wav_three => "Shannon", :decoder_wav_two => "Meyer", :encoder_activation_one => "relu", :encoder_activation_three => "swish", :encoder_activation_two => "relu", :encoder_wav_one => "Morlet", :encoder_wav_three => "MexicanHat", :encoder_wav_two => "Morlet", :gamma => 0.843033772665974, :hidden_dim => 513, :learning_rate => 0.009544589405929026, :min_lr => 0.007934292140082944, :norm => true, :step_rate => 38] evaluated NaN at instance 1
[+] Trial 33: Pair{Symbol, Any}[:b_size => 34, :decoder_activation_four => "leakyrelu", :decoder_activation_one => "relu", :decoder_activation_three => "swish", :decoder_activation_two => "relu", :decoder_wav_four => "Morlet", :decoder_wav_one => "Morlet", :decoder_wav_three => "Meyer", :decoder_wav_two => "Morlet", :encoder_activation_one => "leakyrelu", :encoder_activation_three => "gelu", :encoder_activation_two => "leakyrelu", :encoder_wav_one => "Shannon", :encoder_wav_three => "Shannon", :encoder_wav_two => "Meyer", :gamma => 0.5906778599577347, :hidden_dim => 51, :learning_rate => 0.00575406741260357, :min_lr => 0.008310383403016413, :norm => false, :step_rate => 36] evaluated 51800.099609375 at instance 1
[+] Trial 34: Pair{Symbol, Any}[:b_size => 26, :decoder_activation_four => "relu", :decoder_activation_one => "leakyrelu", :decoder_activation_three => "swish", :decoder_activation_two => "relu", :decoder_wav_four => "Morlet", :decoder_wav_one => "Shannon", :decoder_wav_three => "DerivativeOfGaussian", :decoder_wav_two => "Meyer", :encoder_activation_one => "relu", :encoder_activation_three => "relu", :encoder_activation_two => "leakyrelu", :encoder_wav_one => "Morlet", :encoder_wav_three => "Meyer", :encoder_wav_two => "DerivativeOfGaussian", :gamma => 0.5307784341359153, :hidden_dim => 444, :learning_rate => 0.009637116224812345, :min_lr => 0.008525348157369573, :norm => true, :step_rate => 18] evaluated NaN at instance 1
[+] Trial 35: Pair{Symbol, Any}[:b_size => 23, :decoder_activation_four => "gelu", :decoder_activation_one => "gelu", :decoder_activation_three => "leakyrelu", :decoder_activation_two => "leakyrelu", :decoder_wav_four => "Shannon", :decoder_wav_one => "Shannon", :decoder_wav_three => "Morlet", :decoder_wav_two => "Meyer", :encoder_activation_one => "relu", :encoder_activation_three => "relu", :encoder_activation_two => "selu", :encoder_wav_one => "Morlet", :encoder_wav_three => "MexicanHat", :encoder_wav_two => "Morlet", :gamma => 0.8151812893240911, :hidden_dim => 443, :learning_rate => 0.002337483202052665, :min_lr => 0.005431256112449331, :norm => true, :step_rate => 35] evaluated NaN at instance 1
[+] Trial 36: Pair{Symbol, Any}[:b_size => 16, :decoder_activation_four => "selu", :decoder_activation_one => "relu", :decoder_activation_three => "leakyrelu", :decoder_activation_two => "swish", :decoder_wav_four => "Shannon", :decoder_wav_one => "MexicanHat", :decoder_wav_three => "MexicanHat", :decoder_wav_two => "DerivativeOfGaussian", :encoder_activation_one => "selu", :encoder_activation_three => "leakyrelu", :encoder_activation_two => "relu", :encoder_wav_one => "Shannon", :encoder_wav_three => "Morlet", :encoder_wav_two => "Meyer", :gamma => 0.5685707093903662, :hidden_dim => 223, :learning_rate => 0.009275711106133995, :min_lr => 0.007235930511221702, :norm => false, :step_rate => 12] evaluated 52124.2197265625 at instance 1
[+] Trial 37: Pair{Symbol, Any}[:b_size => 36, :decoder_activation_four => "swish", :decoder_activation_one => "relu", :decoder_activation_three => "selu", :decoder_activation_two => "leakyrelu", :decoder_wav_four => "Meyer", :decoder_wav_one => "Shannon", :decoder_wav_three => "Meyer", :decoder_wav_two => "Morlet", :encoder_activation_one => "leakyrelu", :encoder_activation_three => "leakyrelu", :encoder_activation_two => "gelu", :encoder_wav_one => "MexicanHat", :encoder_wav_three => "Shannon", :encoder_wav_two => "Shannon", :gamma => 0.5270896045458331, :hidden_dim => 474, :learning_rate => 0.005477691707699008, :min_lr => 0.008555883972872763, :norm => true, :step_rate => 14] evaluated NaN at instance 1
[+] Trial 38: Pair{Symbol, Any}[:b_size => 39, :decoder_activation_four => "swish", :decoder_activation_one => "gelu", :decoder_activation_three => "selu", :decoder_activation_two => "relu", :decoder_wav_four => "MexicanHat", :decoder_wav_one => "Shannon", :decoder_wav_three => "DerivativeOfGaussian", :decoder_wav_two => "MexicanHat", :encoder_activation_one => "leakyrelu", :encoder_activation_three => "gelu", :encoder_activation_two => "gelu", :encoder_wav_one => "MexicanHat", :encoder_wav_three => "DerivativeOfGaussian", :encoder_wav_two => "Morlet", :gamma => 0.5513356795283098, :hidden_dim => 567, :learning_rate => 0.002137716040484312, :min_lr => 0.006581092465426202, :norm => false, :step_rate => 25] evaluated 51863.501953125 at instance 1
[+] Trial 39: Pair{Symbol, Any}[:b_size => 3, :decoder_activation_four => "swish", :decoder_activation_one => "leakyrelu", :decoder_activation_three => "leakyrelu", :decoder_activation_two => "leakyrelu", :decoder_wav_four => "Shannon", :decoder_wav_one => "Shannon", :decoder_wav_three => "Shannon", :decoder_wav_two => "Morlet", :encoder_activation_one => "swish", :encoder_activation_three => "swish", :encoder_activation_two => "selu", :encoder_wav_one => "Shannon", :encoder_wav_three => "Meyer", :encoder_wav_two => "MexicanHat", :gamma => 0.6687950606931247, :hidden_dim => 494, :learning_rate => 0.005249357863373414, :min_lr => 0.005089650297351028, :norm => true, :step_rate => 32] evaluated NaN at instance 1
[+] Trial 40: Pair{Symbol, Any}[:b_size => 41, :decoder_activation_four => "gelu", :decoder_activation_one => "swish", :decoder_activation_three => "selu", :decoder_activation_two => "swish", :decoder_wav_four => "Meyer", :decoder_wav_one => "Morlet", :decoder_wav_three => "DerivativeOfGaussian", :decoder_wav_two => "Morlet", :encoder_activation_one => "selu", :encoder_activation_three => "leakyrelu", :encoder_activation_two => "relu", :encoder_wav_one => "DerivativeOfGaussian", :encoder_wav_three => "MexicanHat", :encoder_wav_two => "MexicanHat", :gamma => 0.6770368709502105, :hidden_dim => 86, :learning_rate => 0.0032815321572385813, :min_lr => 0.007438925388536867, :norm => true, :step_rate => 31] evaluated NaN at instance 1
[+] Trial 41: Pair{Symbol, Any}[:b_size => 9, :decoder_activation_four => "swish", :decoder_activation_one => "selu", :decoder_activation_three => "gelu", :decoder_activation_two => "relu", :decoder_wav_four => "Meyer", :decoder_wav_one => "Morlet", :decoder_wav_three => "Shannon", :decoder_wav_two => "DerivativeOfGaussian", :encoder_activation_one => "selu", :encoder_activation_three => "leakyrelu", :encoder_activation_two => "relu", :encoder_wav_one => "Meyer", :encoder_wav_three => "Morlet", :encoder_wav_two => "Meyer", :gamma => 0.8544056420406625, :hidden_dim => 97, :learning_rate => 0.006998066245295762, :min_lr => 0.006337216961425838, :norm => false, :step_rate => 18] evaluated NaN at instance 1
[+] Trial 42: Pair{Symbol, Any}[:b_size => 31, :decoder_activation_four => "selu", :decoder_activation_one => "relu", :decoder_activation_three => "selu", :decoder_activation_two => "gelu", :decoder_wav_four => "Meyer", :decoder_wav_one => "MexicanHat", :decoder_wav_three => "Shannon", :decoder_wav_two => "Meyer", :encoder_activation_one => "swish", :encoder_activation_three => "gelu", :encoder_activation_two => "leakyrelu", :encoder_wav_one => "Morlet", :encoder_wav_three => "Meyer", :encoder_wav_two => "MexicanHat", :gamma => 0.6433371376317789, :hidden_dim => 274, :learning_rate => 0.008562284481042843, :min_lr => 0.0043374363828225715, :norm => true, :step_rate => 33] evaluated NaN at instance 1
[+] Trial 43: Pair{Symbol, Any}[:b_size => 18, :decoder_activation_four => "leakyrelu", :decoder_activation_one => "gelu", :decoder_activation_three => "relu", :decoder_activation_two => "swish", :decoder_wav_four => "MexicanHat", :decoder_wav_one => "MexicanHat", :decoder_wav_three => "Shannon", :decoder_wav_two => "DerivativeOfGaussian", :encoder_activation_one => "gelu", :encoder_activation_three => "leakyrelu", :encoder_activation_two => "gelu", :encoder_wav_one => "Shannon", :encoder_wav_three => "MexicanHat", :encoder_wav_two => "DerivativeOfGaussian", :gamma => 0.8050724673386918, :hidden_dim => 318, :learning_rate => 0.008763042108480787, :min_lr => 0.0018973494166634585, :norm => false, :step_rate => 40] evaluated 51845.83447265625 at instance 1
[+] Trial 44: Pair{Symbol, Any}[:b_size => 28, :decoder_activation_four => "gelu", :decoder_activation_one => "swish", :decoder_activation_three => "selu", :decoder_activation_two => "gelu", :decoder_wav_four => "Meyer", :decoder_wav_one => "MexicanHat", :decoder_wav_three => "DerivativeOfGaussian", :decoder_wav_two => "Shannon", :encoder_activation_one => "selu", :encoder_activation_three => "gelu", :encoder_activation_two => "gelu", :encoder_wav_one => "Meyer", :encoder_wav_three => "Morlet", :encoder_wav_two => "Meyer", :gamma => 0.7383058664600357, :hidden_dim => 484, :learning_rate => 0.0027619224584601084, :min_lr => 0.009911407313511315, :norm => false, :step_rate => 19] evaluated NaN at instance 1

[292807] signal (15): Terminated
in expression starting at /home/pr478/repos/wavKAN-conv2D/src/models/wavKAN_CNN/hyperparameter_tuning.jl:113
pthread_cond_wait at /lib/x86_64-linux-gnu/libpthread.so.0 (unknown line)
uv_cond_wait at /workspace/srcdir/libuv/src/unix/thread.c:883
ijl_task_get_next at /cache/build/builder-amdci4-2/julialang/julia-release-1-dot-10/src/partr.c:509
poptask at ./task.jl:985
wait at ./task.jl:994
#wait#645 at ./condition.jl:130
wait at ./condition.jl:125 [inlined]
take! at /home/pr478/.julia/packages/CUDA/75aiI/lib/cudadrv/synchronization.jl:53
synchronization_worker at /home/pr478/.julia/packages/CUDA/75aiI/lib/cudadrv/synchronization.jl:121
unknown function (ip: 0x7fe49d35cc48)
_jl_invoke at /cache/build/builder-amdci4-2/julialang/julia-release-1-dot-10/src/gf.c:2895 [inlined]
ijl_apply_generic at /cache/build/builder-amdci4-2/julialang/julia-release-1-dot-10/src/gf.c:3077
jlcapi_synchronization_worker_14083 at /home/pr478/.julia/compiled/v1.10/CUDA/oWw5k_9PMhb.so (unknown line)
start_thread at /lib/x86_64-linux-gnu/libpthread.so.0 (unknown line)
clone at /lib/x86_64-linux-gnu/libc.so.6 (unknown line)
unknown function (ip: (nil))
pthread_cond_wait at /lib/x86_64-linux-gnu/libpthread.so.0 (unknown line)
uv_cond_wait at /workspace/srcdir/libuv/src/unix/thread.c:883
ijl_task_get_next at /cache/build/builder-amdci4-2/julialang/julia-release-1-dot-10/src/partr.c:509
poptask at ./task.jl:985
wait at ./task.jl:994
#wait#645 at ./condition.jl:130
wait at ./condition.jl:125 [inlined]
take! at /home/pr478/.julia/packages/CUDA/75aiI/lib/cudadrv/synchronization.jl:53
synchronization_worker at /home/pr478/.julia/packages/CUDA/75aiI/lib/cudadrv/synchronization.jl:121
unknown function (ip: 0x7fe49d35cc48)
_jl_invoke at /cache/build/builder-amdci4-2/julialang/julia-release-1-dot-10/src/gf.c:2895 [inlined]
ijl_apply_generic at /cache/build/builder-amdci4-2/julialang/julia-release-1-dot-10/src/gf.c:3077
jlcapi_synchronization_worker_14083 at /home/pr478/.julia/compiled/v1.10/CUDA/oWw5k_9PMhb.so (unknown line)
start_thread at /lib/x86_64-linux-gnu/libpthread.so.0 (unknown line)
clone at /lib/x86_64-linux-gnu/libc.so.6 (unknown line)
unknown function (ip: (nil))
pthread_cond_wait at /lib/x86_64-linux-gnu/libpthread.so.0 (unknown line)
uv_cond_wait at /workspace/srcdir/libuv/src/unix/thread.c:883
ijl_task_get_next at /cache/build/builder-amdci4-2/julialang/julia-release-1-dot-10/src/partr.c:509
poptask at ./task.jl:985
wait at ./task.jl:994
#wait#645 at ./condition.jl:130
wait at ./condition.jl:125 [inlined]
take! at /home/pr478/.julia/packages/CUDA/75aiI/lib/cudadrv/synchronization.jl:53
synchronization_worker at /home/pr478/.julia/packages/CUDA/75aiI/lib/cudadrv/synchronization.jl:121
unknown function (ip: 0x7fe49d35cc48)
_jl_invoke at /cache/build/builder-amdci4-2/julialang/julia-release-1-dot-10/src/gf.c:2895 [inlined]
ijl_apply_generic at /cache/build/builder-amdci4-2/julialang/julia-release-1-dot-10/src/gf.c:3077
jlcapi_synchronization_worker_14083 at /home/pr478/.julia/compiled/v1.10/CUDA/oWw5k_9PMhb.so (unknown line)
start_thread at /lib/x86_64-linux-gnu/libpthread.so.0 (unknown line)
clone at /lib/x86_64-linux-gnu/libc.so.6 (unknown line)
unknown function (ip: (nil))
pthread_cond_wait at /lib/x86_64-linux-gnu/libpthread.so.0 (unknown line)
uv_cond_wait at /workspace/srcdir/libuv/src/unix/thread.c:883
ijl_task_get_next at /cache/build/builder-amdci4-2/julialang/julia-release-1-dot-10/src/partr.c:509
poptask at ./task.jl:985
wait at ./task.jl:994
#wait#645 at ./condition.jl:130
wait at ./condition.jl:125 [inlined]
take! at /home/pr478/.julia/packages/CUDA/75aiI/lib/cudadrv/synchronization.jl:53
synchronization_worker at /home/pr478/.julia/packages/CUDA/75aiI/lib/cudadrv/synchronization.jl:121
unknown function (ip: 0x7fe49d35cc48)
_jl_invoke at /cache/build/builder-amdci4-2/julialang/julia-release-1-dot-10/src/gf.c:2895 [inlined]
ijl_apply_generic at /cache/build/builder-amdci4-2/julialang/julia-release-1-dot-10/src/gf.c:3077
jlcapi_synchronization_worker_14083 at /home/pr478/.julia/compiled/v1.10/CUDA/oWw5k_9PMhb.so (unknown line)
start_thread at /lib/x86_64-linux-gnu/libpthread.so.0 (unknown line)
clone at /lib/x86_64-linux-gnu/libc.so.6 (unknown line)
unknown function (ip: (nil))
ptrhash_lookup_bp_r at /cache/build/builder-amdci4-2/julialang/julia-release-1-dot-10/src/support/ptrhash.c:26
ptrhash_put_r at /cache/build/builder-amdci4-2/julialang/julia-release-1-dot-10/src/support/ptrhash.c:26 [inlined]
ptrhash_put at /cache/build/builder-amdci4-2/julialang/julia-release-1-dot-10/src/support/ptrhash.c:26
jl_get_cfunction_trampoline at /cache/build/builder-amdci4-2/julialang/julia-release-1-dot-10/src/runtime_ccall.cpp:355
#launch_configuration#979 at /home/pr478/.julia/packages/CUDA/75aiI/lib/cudadrv/occupancy.jl:66
launch_configuration at /home/pr478/.julia/packages/CUDA/75aiI/lib/cudadrv/occupancy.jl:56 [inlined]
#mapreducedim!#1238 at /home/pr478/.julia/packages/CUDA/75aiI/src/mapreduce.jl:236
mapreducedim! at /home/pr478/.julia/packages/CUDA/75aiI/src/mapreduce.jl:169 [inlined]
#mapreducedim!#1238 at /home/pr478/.julia/packages/CUDA/75aiI/src/mapreduce.jl:274
mapreducedim! at /home/pr478/.julia/packages/CUDA/75aiI/src/mapreduce.jl:169 [inlined]
#_mapreduce#42 at /home/pr478/.julia/packages/GPUArrays/HjWFN/src/host/mapreduce.jl:67
_mapreduce at /home/pr478/.julia/packages/GPUArrays/HjWFN/src/host/mapreduce.jl:33 [inlined]
#mapreduce#40 at /home/pr478/.julia/packages/GPUArrays/HjWFN/src/host/mapreduce.jl:28 [inlined]
mapreduce at /home/pr478/.julia/packages/GPUArrays/HjWFN/src/host/mapreduce.jl:28 [inlined]
#_sum#855 at ./reducedim.jl:1039 [inlined]
_sum at ./reducedim.jl:1039 [inlined]
#_sum#854 at ./reducedim.jl:1038 [inlined]
_sum at ./reducedim.jl:1038 [inlined]
#sum#828 at ./reducedim.jl:1010 [inlined]
sum at ./reducedim.jl:1010 [inlined]
#accum_sum#1170 at /home/pr478/.julia/packages/Zygote/nsBv0/src/lib/broadcast.jl:47 [inlined]
accum_sum at /home/pr478/.julia/packages/Zygote/nsBv0/src/lib/broadcast.jl:47 [inlined]
unbroadcast at /home/pr478/.julia/packages/Zygote/nsBv0/src/lib/broadcast.jl:62 [inlined]
#1201 at /home/pr478/.julia/packages/Zygote/nsBv0/src/lib/broadcast.jl:93
#3794#back at /home/pr478/.julia/packages/ZygoteRules/M4xmc/src/adjoint.jl:72
unknown function (ip: 0x7fe49d81b8b2)
_jl_invoke at /cache/build/builder-amdci4-2/julialang/julia-release-1-dot-10/src/gf.c:2895 [inlined]
ijl_apply_generic at /cache/build/builder-amdci4-2/julialang/julia-release-1-dot-10/src/gf.c:3077
MW at /home/pr478/repos/wavKAN-conv2D/src/waveletKAN/wavelets/morlet.jl:35 [inlined]
Pullback at /home/pr478/.julia/packages/Zygote/nsBv0/src/compiler/interface2.jl:0
KANdense_layer at /home/pr478/repos/wavKAN-conv2D/src/waveletKAN/KAN_layers.jl:84 [inlined]
Pullback at /home/pr478/.julia/packages/Zygote/nsBv0/src/compiler/interface2.jl:0
unknown function (ip: 0x7fe49d3326c5)
_jl_invoke at /cache/build/builder-amdci4-2/julialang/julia-release-1-dot-10/src/gf.c:2895 [inlined]
ijl_apply_generic at /cache/build/builder-amdci4-2/julialang/julia-release-1-dot-10/src/gf.c:3077
KAN_convTranspose2D at /home/pr478/repos/wavKAN-conv2D/src/waveletKAN/manual_convTranspose.jl:41 [inlined]
Pullback at /home/pr478/.julia/packages/Zygote/nsBv0/src/compiler/interface2.jl:0
KAN_ConvolutionTranspose at /home/pr478/repos/wavKAN-conv2D/src/waveletKAN/KAN_layers.jl:129 [inlined]
Pullback at /home/pr478/.julia/packages/Zygote/nsBv0/src/compiler/interface2.jl:0
unknown function (ip: 0x7fe49d92d6e5)
_jl_invoke at /cache/build/builder-amdci4-2/julialang/julia-release-1-dot-10/src/gf.c:2895 [inlined]
ijl_apply_generic at /cache/build/builder-amdci4-2/julialang/julia-release-1-dot-10/src/gf.c:3077
wavKAN_CNN at /home/pr478/repos/wavKAN-conv2D/src/models/wavKAN_CNN/KAN_CNN.jl:50 [inlined]
Pullback at /home/pr478/.julia/packages/Zygote/nsBv0/src/compiler/interface2.jl:0
loss_fcn at /home/pr478/repos/wavKAN-conv2D/src/utils.jl:13 [inlined]
#1 at /home/pr478/repos/wavKAN-conv2D/src/pipeline/train.jl:20 [inlined]
Pullback at /home/pr478/.julia/packages/Zygote/nsBv0/src/compiler/interface2.jl:0
#75 at /home/pr478/.julia/packages/Zygote/nsBv0/src/compiler/interface.jl:91
unknown function (ip: 0x7fe49d926329)
_jl_invoke at /cache/build/builder-amdci4-2/julialang/julia-release-1-dot-10/src/gf.c:2895 [inlined]
ijl_apply_generic at /cache/build/builder-amdci4-2/julialang/julia-release-1-dot-10/src/gf.c:3077
withgradient at /home/pr478/.julia/packages/Zygote/nsBv0/src/compiler/interface.jl:213
unknown function (ip: 0x7fe4a1b42f29)
_jl_invoke at /cache/build/builder-amdci4-2/julialang/julia-release-1-dot-10/src/gf.c:2895 [inlined]
ijl_apply_generic at /cache/build/builder-amdci4-2/julialang/julia-release-1-dot-10/src/gf.c:3077
train_step at /home/pr478/repos/wavKAN-conv2D/src/pipeline/train.jl:20
unknown function (ip: 0x7fe49d38bbbc)
_jl_invoke at /cache/build/builder-amdci4-2/julialang/julia-release-1-dot-10/src/gf.c:2895 [inlined]
ijl_apply_generic at /cache/build/builder-amdci4-2/julialang/julia-release-1-dot-10/src/gf.c:3077
objective at /home/pr478/repos/wavKAN-conv2D/src/models/wavKAN_CNN/hyperparameter_tuning.jl:68
evaluate_trial! at /home/pr478/.julia/packages/HyperTuning/7Qthr/src/evaluator/sequential.jl:5
unknown function (ip: 0x7fe6aa439324)
_jl_invoke at /cache/build/builder-amdci4-2/julialang/julia-release-1-dot-10/src/gf.c:2895 [inlined]
ijl_apply_generic at /cache/build/builder-amdci4-2/julialang/julia-release-1-dot-10/src/gf.c:3077
evaluate_objective_sequential at /home/pr478/.julia/packages/HyperTuning/7Qthr/src/evaluator/sequential.jl:27
evaluate_objective at /home/pr478/.julia/packages/HyperTuning/7Qthr/src/evaluator/evaluate_objective.jl:12 [inlined]
optimize! at /home/pr478/.julia/packages/HyperTuning/7Qthr/src/optimize.jl:29
optimize at /home/pr478/.julia/packages/HyperTuning/7Qthr/src/optimize.jl:47
unknown function (ip: 0x7fe6aa428269)
_jl_invoke at /cache/build/builder-amdci4-2/julialang/julia-release-1-dot-10/src/gf.c:2895 [inlined]
ijl_apply_generic at /cache/build/builder-amdci4-2/julialang/julia-release-1-dot-10/src/gf.c:3077
jl_apply at /cache/build/builder-amdci4-2/julialang/julia-release-1-dot-10/src/julia.h:1982 [inlined]
do_call at /cache/build/builder-amdci4-2/julialang/julia-release-1-dot-10/src/interpreter.c:126
eval_value at /cache/build/builder-amdci4-2/julialang/julia-release-1-dot-10/src/interpreter.c:223
eval_stmt_value at /cache/build/builder-amdci4-2/julialang/julia-release-1-dot-10/src/interpreter.c:174 [inlined]
eval_body at /cache/build/builder-amdci4-2/julialang/julia-release-1-dot-10/src/interpreter.c:617
jl_interpret_toplevel_thunk at /cache/build/builder-amdci4-2/julialang/julia-release-1-dot-10/src/interpreter.c:775
jl_toplevel_eval_flex at /cache/build/builder-amdci4-2/julialang/julia-release-1-dot-10/src/toplevel.c:934
jl_toplevel_eval_flex at /cache/build/builder-amdci4-2/julialang/julia-release-1-dot-10/src/toplevel.c:877
ijl_toplevel_eval_in at /cache/build/builder-amdci4-2/julialang/julia-release-1-dot-10/src/toplevel.c:985
eval at ./boot.jl:385 [inlined]
include_string at ./loading.jl:2076
_jl_invoke at /cache/build/builder-amdci4-2/julialang/julia-release-1-dot-10/src/gf.c:2895 [inlined]
ijl_apply_generic at /cache/build/builder-amdci4-2/julialang/julia-release-1-dot-10/src/gf.c:3077
_include at ./loading.jl:2136
include at ./Base.jl:495
jfptr_include_46394.1 at /home/pr478/julia-1.10.3/lib/julia/sys.so (unknown line)
_jl_invoke at /cache/build/builder-amdci4-2/julialang/julia-release-1-dot-10/src/gf.c:2895 [inlined]
ijl_apply_generic at /cache/build/builder-amdci4-2/julialang/julia-release-1-dot-10/src/gf.c:3077
exec_options at ./client.jl:318
_start at ./client.jl:552
jfptr__start_82726.1 at /home/pr478/julia-1.10.3/lib/julia/sys.so (unknown line)
_jl_invoke at /cache/build/builder-amdci4-2/julialang/julia-release-1-dot-10/src/gf.c:2895 [inlined]
ijl_apply_generic at /cache/build/builder-amdci4-2/julialang/julia-release-1-dot-10/src/gf.c:3077
jl_apply at /cache/build/builder-amdci4-2/julialang/julia-release-1-dot-10/src/julia.h:1982 [inlined]
true_main at /cache/build/builder-amdci4-2/julialang/julia-release-1-dot-10/src/jlapi.c:582
jl_repl_entrypoint at /cache/build/builder-amdci4-2/julialang/julia-release-1-dot-10/src/jlapi.c:731
main at julia (unknown line)
__libc_start_main at /lib/x86_64-linux-gnu/libc.so.6 (unknown line)
unknown function (ip: 0x4010b8)
unknown function (ip: (nil))
Allocations: 105769817796 (Pool: 105748805359; Big: 21012437); GC: 31066
